[2019-04-01 16:11:54] local.ERROR: stream_socket_accept(): accept failed: A connection attempt failed because the connected party did not properly respond after a period of time, or established connection failed because connected host has failed to respond.
 {"exception":"[object] (ErrorException(code: 0): stream_socket_accept(): accept failed: A connection attempt failed because the connected party did not properly respond after a period of time, or established connection failed because connected host has failed to respond.
 at W:\\SwiMeter\\app\\Console\\Commands\\ServeTcp.php:22)
[stacktrace]
#0 [internal function]: Illuminate\\Foundation\\Bootstrap\\HandleExceptions->handleError(2, 'stream_socket_a...', 'W:\\\\SwiMeter\\\\app...', 22, Array)
#1 W:\\SwiMeter\\app\\Console\\Commands\\ServeTcp.php(22): stream_socket_accept(Resource id #459)
#2 [internal function]: App\\Console\\Commands\\ServeTcp->handle()
#3 W:\\SwiMeter\\vendor\\laravel\\framework\\src\\Illuminate\\Container\\BoundMethod.php(29): call_user_func_array(Array, Array)
#4 W:\\SwiMeter\\vendor\\laravel\\framework\\src\\Illuminate\\Container\\BoundMethod.php(87): Illuminate\\Container\\BoundMethod::Illuminate\\Container\\{closure}()
#5 W:\\SwiMeter\\vendor\\laravel\\framework\\src\\Illuminate\\Container\\BoundMethod.php(31): Illuminate\\Container\\BoundMethod::callBoundMethod(Object(Illuminate\\Foundation\\Application), Array, Object(Closure))
#6 W:\\SwiMeter\\vendor\\laravel\\framework\\src\\Illuminate\\Container\\Container.php(572): Illuminate\\Container\\BoundMethod::call(Object(Illuminate\\Foundation\\Application), Array, Array, NULL)
#7 W:\\SwiMeter\\vendor\\laravel\\framework\\src\\Illuminate\\Console\\Command.php(183): Illuminate\\Container\\Container->call(Array)
#8 W:\\SwiMeter\\vendor\\symfony\\console\\Command\\Command.php(255): Illuminate\\Console\\Command->execute(Object(Symfony\\Component\\Console\\Input\\ArgvInput), Object(Illuminate\\Console\\OutputStyle))
#9 W:\\SwiMeter\\vendor\\laravel\\framework\\src\\Illuminate\\Console\\Command.php(170): Symfony\\Component\\Console\\Command\\Command->run(Object(Symfony\\Component\\Console\\Input\\ArgvInput), Object(Illuminate\\Console\\OutputStyle))
#10 W:\\SwiMeter\\vendor\\symfony\\console\\Application.php(908): Illuminate\\Console\\Command->run(Object(Symfony\\Component\\Console\\Input\\ArgvInput), Object(Symfony\\Component\\Console\\Output\\ConsoleOutput))
#11 W:\\SwiMeter\\vendor\\symfony\\console\\Application.php(269): Symfony\\Component\\Console\\Application->doRunCommand(Object(App\\Console\\Commands\\ServeTcp), Object(Symfony\\Component\\Console\\Input\\ArgvInput), Object(Symfony\\Component\\Console\\Output\\ConsoleOutput))
#12 W:\\SwiMeter\\vendor\\symfony\\console\\Application.php(145): Symfony\\Component\\Console\\Application->doRun(Object(Symfony\\Component\\Console\\Input\\ArgvInput), Object(Symfony\\Component\\Console\\Output\\ConsoleOutput))
#13 W:\\SwiMeter\\vendor\\laravel\\framework\\src\\Illuminate\\Console\\Application.php(89): Symfony\\Component\\Console\\Application->run(Object(Symfony\\Component\\Console\\Input\\ArgvInput), Object(Symfony\\Component\\Console\\Output\\ConsoleOutput))
#14 W:\\SwiMeter\\vendor\\laravel\\framework\\src\\Illuminate\\Foundation\\Console\\Kernel.php(122): Illuminate\\Console\\Application->run(Object(Symfony\\Component\\Console\\Input\\ArgvInput), Object(Symfony\\Component\\Console\\Output\\ConsoleOutput))
#15 W:\\SwiMeter\\artisan(37): Illuminate\\Foundation\\Console\\Kernel->handle(Object(Symfony\\Component\\Console\\Input\\ArgvInput), Object(Symfony\\Component\\Console\\Output\\ConsoleOutput))
#16 {main}
"} 
[2019-04-01 16:14:16] local.ERROR: stream_socket_server(): unable to connect to udp://0.0.0.0:8000 (Unknown error) {"exception":"[object] (ErrorException(code: 0): stream_socket_server(): unable to connect to udp://0.0.0.0:8000 (Unknown error) at W:\\SwiMeter\\app\\Console\\Commands\\ServeTcp.php:20)
[stacktrace]
#0 [internal function]: Illuminate\\Foundation\\Bootstrap\\HandleExceptions->handleError(2, 'stream_socket_s...', 'W:\\\\SwiMeter\\\\app...', 20, Array)
#1 W:\\SwiMeter\\app\\Console\\Commands\\ServeTcp.php(20): stream_socket_server('udp://0.0.0.0:8...')
#2 [internal function]: App\\Console\\Commands\\ServeTcp->handle()
#3 W:\\SwiMeter\\vendor\\laravel\\framework\\src\\Illuminate\\Container\\BoundMethod.php(29): call_user_func_array(Array, Array)
#4 W:\\SwiMeter\\vendor\\laravel\\framework\\src\\Illuminate\\Container\\BoundMethod.php(87): Illuminate\\Container\\BoundMethod::Illuminate\\Container\\{closure}()
#5 W:\\SwiMeter\\vendor\\laravel\\framework\\src\\Illuminate\\Container\\BoundMethod.php(31): Illuminate\\Container\\BoundMethod::callBoundMethod(Object(Illuminate\\Foundation\\Application), Array, Object(Closure))
#6 W:\\SwiMeter\\vendor\\laravel\\framework\\src\\Illuminate\\Container\\Container.php(572): Illuminate\\Container\\BoundMethod::call(Object(Illuminate\\Foundation\\Application), Array, Array, NULL)
#7 W:\\SwiMeter\\vendor\\laravel\\framework\\src\\Illuminate\\Console\\Command.php(183): Illuminate\\Container\\Container->call(Array)
#8 W:\\SwiMeter\\vendor\\symfony\\console\\Command\\Command.php(255): Illuminate\\Console\\Command->execute(Object(Symfony\\Component\\Console\\Input\\ArgvInput), Object(Illuminate\\Console\\OutputStyle))
#9 W:\\SwiMeter\\vendor\\laravel\\framework\\src\\Illuminate\\Console\\Command.php(170): Symfony\\Component\\Console\\Command\\Command->run(Object(Symfony\\Component\\Console\\Input\\ArgvInput), Object(Illuminate\\Console\\OutputStyle))
#10 W:\\SwiMeter\\vendor\\symfony\\console\\Application.php(908): Illuminate\\Console\\Command->run(Object(Symfony\\Component\\Console\\Input\\ArgvInput), Object(Symfony\\Component\\Console\\Output\\ConsoleOutput))
#11 W:\\SwiMeter\\vendor\\symfony\\console\\Application.php(269): Symfony\\Component\\Console\\Application->doRunCommand(Object(App\\Console\\Commands\\ServeTcp), Object(Symfony\\Component\\Console\\Input\\ArgvInput), Object(Symfony\\Component\\Console\\Output\\ConsoleOutput))
#12 W:\\SwiMeter\\vendor\\symfony\\console\\Application.php(145): Symfony\\Component\\Console\\Application->doRun(Object(Symfony\\Component\\Console\\Input\\ArgvInput), Object(Symfony\\Component\\Console\\Output\\ConsoleOutput))
#13 W:\\SwiMeter\\vendor\\laravel\\framework\\src\\Illuminate\\Console\\Application.php(89): Symfony\\Component\\Console\\Application->run(Object(Symfony\\Component\\Console\\Input\\ArgvInput), Object(Symfony\\Component\\Console\\Output\\ConsoleOutput))
#14 W:\\SwiMeter\\vendor\\laravel\\framework\\src\\Illuminate\\Foundation\\Console\\Kernel.php(122): Illuminate\\Console\\Application->run(Object(Symfony\\Component\\Console\\Input\\ArgvInput), Object(Symfony\\Component\\Console\\Output\\ConsoleOutput))
#15 W:\\SwiMeter\\artisan(37): Illuminate\\Foundation\\Console\\Kernel->handle(Object(Symfony\\Component\\Console\\Input\\ArgvInput), Object(Symfony\\Component\\Console\\Output\\ConsoleOutput))
#16 {main}
"} 
[2019-04-01 16:51:43] local.ERROR: Too few arguments to function App\Console\Commands\ServeTcp::App\Console\Commands\{closure}(), 1 passed in W:\SwiMeter\vendor\evenement\evenement\src\Evenement\EventEmitterTrait.php on line 123 and exactly 2 expected {"exception":"[object] (Symfony\\Component\\Debug\\Exception\\FatalThrowableError(code: 0): Too few arguments to function App\\Console\\Commands\\ServeTcp::App\\Console\\Commands\\{closure}(), 1 passed in W:\\SwiMeter\\vendor\\evenement\\evenement\\src\\Evenement\\EventEmitterTrait.php on line 123 and exactly 2 expected at W:\\SwiMeter\\app\\Console\\Commands\\ServeTcp.php:32)
[stacktrace]
#0 W:\\SwiMeter\\vendor\\evenement\\evenement\\src\\Evenement\\EventEmitterTrait.php(123): App\\Console\\Commands\\ServeTcp->App\\Console\\Commands\\{closure}('c8e6f959-1b91-4...')
#1 W:\\SwiMeter\\vendor\eact\\stream\\src\\Util.php(71): Evenement\\EventEmitter->emit('data', Array)
#2 W:\\SwiMeter\\vendor\\evenement\\evenement\\src\\Evenement\\EventEmitterTrait.php(123): React\\Stream\\Util::React\\Stream\\{closure}('c8e6f959-1b91-4...')
#3 W:\\SwiMeter\\vendor\eact\\stream\\src\\DuplexResourceStream.php(193): Evenement\\EventEmitter->emit('data', Array)
#4 W:\\SwiMeter\\vendor\eact\\event-loop\\src\\StreamSelectLoop.php(244): React\\Stream\\DuplexResourceStream->handleData(Resource id #477)
#5 W:\\SwiMeter\\vendor\eact\\event-loop\\src\\StreamSelectLoop.php(211): React\\EventLoop\\StreamSelectLoop->waitForStreamActivity(NULL)
#6 W:\\SwiMeter\\app\\Console\\Commands\\ServeTcp.php(42): React\\EventLoop\\StreamSelectLoop->run()
#7 [internal function]: App\\Console\\Commands\\ServeTcp->handle()
#8 W:\\SwiMeter\\vendor\\laravel\\framework\\src\\Illuminate\\Container\\BoundMethod.php(29): call_user_func_array(Array, Array)
#9 W:\\SwiMeter\\vendor\\laravel\\framework\\src\\Illuminate\\Container\\BoundMethod.php(87): Illuminate\\Container\\BoundMethod::Illuminate\\Container\\{closure}()
#10 W:\\SwiMeter\\vendor\\laravel\\framework\\src\\Illuminate\\Container\\BoundMethod.php(31): Illuminate\\Container\\BoundMethod::callBoundMethod(Object(Illuminate\\Foundation\\Application), Array, Object(Closure))
#11 W:\\SwiMeter\\vendor\\laravel\\framework\\src\\Illuminate\\Container\\Container.php(572): Illuminate\\Container\\BoundMethod::call(Object(Illuminate\\Foundation\\Application), Array, Array, NULL)
#12 W:\\SwiMeter\\vendor\\laravel\\framework\\src\\Illuminate\\Console\\Command.php(183): Illuminate\\Container\\Container->call(Array)
#13 W:\\SwiMeter\\vendor\\symfony\\console\\Command\\Command.php(255): Illuminate\\Console\\Command->execute(Object(Symfony\\Component\\Console\\Input\\ArgvInput), Object(Illuminate\\Console\\OutputStyle))
#14 W:\\SwiMeter\\vendor\\laravel\\framework\\src\\Illuminate\\Console\\Command.php(170): Symfony\\Component\\Console\\Command\\Command->run(Object(Symfony\\Component\\Console\\Input\\ArgvInput), Object(Illuminate\\Console\\OutputStyle))
#15 W:\\SwiMeter\\vendor\\symfony\\console\\Application.php(908): Illuminate\\Console\\Command->run(Object(Symfony\\Component\\Console\\Input\\ArgvInput), Object(Symfony\\Component\\Console\\Output\\ConsoleOutput))
#16 W:\\SwiMeter\\vendor\\symfony\\console\\Application.php(269): Symfony\\Component\\Console\\Application->doRunCommand(Object(App\\Console\\Commands\\ServeTcp), Object(Symfony\\Component\\Console\\Input\\ArgvInput), Object(Symfony\\Component\\Console\\Output\\ConsoleOutput))
#17 W:\\SwiMeter\\vendor\\symfony\\console\\Application.php(145): Symfony\\Component\\Console\\Application->doRun(Object(Symfony\\Component\\Console\\Input\\ArgvInput), Object(Symfony\\Component\\Console\\Output\\ConsoleOutput))
#18 W:\\SwiMeter\\vendor\\laravel\\framework\\src\\Illuminate\\Console\\Application.php(89): Symfony\\Component\\Console\\Application->run(Object(Symfony\\Component\\Console\\Input\\ArgvInput), Object(Symfony\\Component\\Console\\Output\\ConsoleOutput))
#19 W:\\SwiMeter\\vendor\\laravel\\framework\\src\\Illuminate\\Foundation\\Console\\Kernel.php(122): Illuminate\\Console\\Application->run(Object(Symfony\\Component\\Console\\Input\\ArgvInput), Object(Symfony\\Component\\Console\\Output\\ConsoleOutput))
#20 W:\\SwiMeter\\artisan(37): Illuminate\\Foundation\\Console\\Kernel->handle(Object(Symfony\\Component\\Console\\Input\\ArgvInput), Object(Symfony\\Component\\Console\\Output\\ConsoleOutput))
#21 {main}
"} 
[2019-04-01 17:11:13] local.ERROR: Call to undefined function App\Console\Commands\socket_shutdown() {"exception":"[object] (Symfony\\Component\\Debug\\Exception\\FatalThrowableError(code: 0): Call to undefined function App\\Console\\Commands\\socket_shutdown() at W:\\SwiMeter\\app\\Console\\Commands\\ServeTcp.php:52)
[stacktrace]
#0 [internal function]: App\\Console\\Commands\\ServeTcp->handle()
#1 W:\\SwiMeter\\vendor\\laravel\\framework\\src\\Illuminate\\Container\\BoundMethod.php(29): call_user_func_array(Array, Array)
#2 W:\\SwiMeter\\vendor\\laravel\\framework\\src\\Illuminate\\Container\\BoundMethod.php(87): Illuminate\\Container\\BoundMethod::Illuminate\\Container\\{closure}()
#3 W:\\SwiMeter\\vendor\\laravel\\framework\\src\\Illuminate\\Container\\BoundMethod.php(31): Illuminate\\Container\\BoundMethod::callBoundMethod(Object(Illuminate\\Foundation\\Application), Array, Object(Closure))
#4 W:\\SwiMeter\\vendor\\laravel\\framework\\src\\Illuminate\\Container\\Container.php(572): Illuminate\\Container\\BoundMethod::call(Object(Illuminate\\Foundation\\Application), Array, Array, NULL)
#5 W:\\SwiMeter\\vendor\\laravel\\framework\\src\\Illuminate\\Console\\Command.php(183): Illuminate\\Container\\Container->call(Array)
#6 W:\\SwiMeter\\vendor\\symfony\\console\\Command\\Command.php(255): Illuminate\\Console\\Command->execute(Object(Symfony\\Component\\Console\\Input\\ArgvInput), Object(Illuminate\\Console\\OutputStyle))
#7 W:\\SwiMeter\\vendor\\laravel\\framework\\src\\Illuminate\\Console\\Command.php(170): Symfony\\Component\\Console\\Command\\Command->run(Object(Symfony\\Component\\Console\\Input\\ArgvInput), Object(Illuminate\\Console\\OutputStyle))
#8 W:\\SwiMeter\\vendor\\symfony\\console\\Application.php(908): Illuminate\\Console\\Command->run(Object(Symfony\\Component\\Console\\Input\\ArgvInput), Object(Symfony\\Component\\Console\\Output\\ConsoleOutput))
#9 W:\\SwiMeter\\vendor\\symfony\\console\\Application.php(269): Symfony\\Component\\Console\\Application->doRunCommand(Object(App\\Console\\Commands\\ServeTcp), Object(Symfony\\Component\\Console\\Input\\ArgvInput), Object(Symfony\\Component\\Console\\Output\\ConsoleOutput))
#10 W:\\SwiMeter\\vendor\\symfony\\console\\Application.php(145): Symfony\\Component\\Console\\Application->doRun(Object(Symfony\\Component\\Console\\Input\\ArgvInput), Object(Symfony\\Component\\Console\\Output\\ConsoleOutput))
#11 W:\\SwiMeter\\vendor\\laravel\\framework\\src\\Illuminate\\Console\\Application.php(89): Symfony\\Component\\Console\\Application->run(Object(Symfony\\Component\\Console\\Input\\ArgvInput), Object(Symfony\\Component\\Console\\Output\\ConsoleOutput))
#12 W:\\SwiMeter\\vendor\\laravel\\framework\\src\\Illuminate\\Foundation\\Console\\Kernel.php(122): Illuminate\\Console\\Application->run(Object(Symfony\\Component\\Console\\Input\\ArgvInput), Object(Symfony\\Component\\Console\\Output\\ConsoleOutput))
#13 W:\\SwiMeter\\artisan(37): Illuminate\\Foundation\\Console\\Kernel->handle(Object(Symfony\\Component\\Console\\Input\\ArgvInput), Object(Symfony\\Component\\Console\\Output\\ConsoleOutput))
#14 {main}
"} 
[2019-04-01 17:41:30] local.ERROR: Trying to get property 'balance' of non-object {"exception":"[object] (ErrorException(code: 0): Trying to get property 'balance' of non-object at W:\\SwiMeter\\app\\Console\\Commands\\ServeTcp.php:62)
[stacktrace]
#0 W:\\SwiMeter\\app\\Console\\Commands\\ServeTcp.php(62): Illuminate\\Foundation\\Bootstrap\\HandleExceptions->handleError(8, 'Trying to get p...', 'W:\\\\SwiMeter\\\\app...', 62, Array)
#1 W:\\SwiMeter\\vendor\\evenement\\evenement\\src\\Evenement\\EventEmitterTrait.php(123): App\\Console\\Commands\\ServeTcp->App\\Console\\Commands\\{closure}('5076eb63-ec36-4...')
#2 W:\\SwiMeter\\vendor\eact\\stream\\src\\Util.php(71): Evenement\\EventEmitter->emit('data', Array)
#3 W:\\SwiMeter\\vendor\\evenement\\evenement\\src\\Evenement\\EventEmitterTrait.php(123): React\\Stream\\Util::React\\Stream\\{closure}('5076eb63-ec36-4...')
#4 W:\\SwiMeter\\vendor\eact\\stream\\src\\DuplexResourceStream.php(193): Evenement\\EventEmitter->emit('data', Array)
#5 W:\\SwiMeter\\vendor\eact\\event-loop\\src\\StreamSelectLoop.php(244): React\\Stream\\DuplexResourceStream->handleData(Resource id #477)
#6 W:\\SwiMeter\\vendor\eact\\event-loop\\src\\StreamSelectLoop.php(211): React\\EventLoop\\StreamSelectLoop->waitForStreamActivity(NULL)
#7 W:\\SwiMeter\\app\\Console\\Commands\\ServeTcp.php(93): React\\EventLoop\\StreamSelectLoop->run()
#8 [internal function]: App\\Console\\Commands\\ServeTcp->handle()
#9 W:\\SwiMeter\\vendor\\laravel\\framework\\src\\Illuminate\\Container\\BoundMethod.php(29): call_user_func_array(Array, Array)
#10 W:\\SwiMeter\\vendor\\laravel\\framework\\src\\Illuminate\\Container\\BoundMethod.php(87): Illuminate\\Container\\BoundMethod::Illuminate\\Container\\{closure}()
#11 W:\\SwiMeter\\vendor\\laravel\\framework\\src\\Illuminate\\Container\\BoundMethod.php(31): Illuminate\\Container\\BoundMethod::callBoundMethod(Object(Illuminate\\Foundation\\Application), Array, Object(Closure))
#12 W:\\SwiMeter\\vendor\\laravel\\framework\\src\\Illuminate\\Container\\Container.php(572): Illuminate\\Container\\BoundMethod::call(Object(Illuminate\\Foundation\\Application), Array, Array, NULL)
#13 W:\\SwiMeter\\vendor\\laravel\\framework\\src\\Illuminate\\Console\\Command.php(183): Illuminate\\Container\\Container->call(Array)
#14 W:\\SwiMeter\\vendor\\symfony\\console\\Command\\Command.php(255): Illuminate\\Console\\Command->execute(Object(Symfony\\Component\\Console\\Input\\ArgvInput), Object(Illuminate\\Console\\OutputStyle))
#15 W:\\SwiMeter\\vendor\\laravel\\framework\\src\\Illuminate\\Console\\Command.php(170): Symfony\\Component\\Console\\Command\\Command->run(Object(Symfony\\Component\\Console\\Input\\ArgvInput), Object(Illuminate\\Console\\OutputStyle))
#16 W:\\SwiMeter\\vendor\\symfony\\console\\Application.php(908): Illuminate\\Console\\Command->run(Object(Symfony\\Component\\Console\\Input\\ArgvInput), Object(Symfony\\Component\\Console\\Output\\ConsoleOutput))
#17 W:\\SwiMeter\\vendor\\symfony\\console\\Application.php(269): Symfony\\Component\\Console\\Application->doRunCommand(Object(App\\Console\\Commands\\ServeTcp), Object(Symfony\\Component\\Console\\Input\\ArgvInput), Object(Symfony\\Component\\Console\\Output\\ConsoleOutput))
#18 W:\\SwiMeter\\vendor\\symfony\\console\\Application.php(145): Symfony\\Component\\Console\\Application->doRun(Object(Symfony\\Component\\Console\\Input\\ArgvInput), Object(Symfony\\Component\\Console\\Output\\ConsoleOutput))
#19 W:\\SwiMeter\\vendor\\laravel\\framework\\src\\Illuminate\\Console\\Application.php(89): Symfony\\Component\\Console\\Application->run(Object(Symfony\\Component\\Console\\Input\\ArgvInput), Object(Symfony\\Component\\Console\\Output\\ConsoleOutput))
#20 W:\\SwiMeter\\vendor\\laravel\\framework\\src\\Illuminate\\Foundation\\Console\\Kernel.php(122): Illuminate\\Console\\Application->run(Object(Symfony\\Component\\Console\\Input\\ArgvInput), Object(Symfony\\Component\\Console\\Output\\ConsoleOutput))
#21 W:\\SwiMeter\\artisan(37): Illuminate\\Foundation\\Console\\Kernel->handle(Object(Symfony\\Component\\Console\\Input\\ArgvInput), Object(Symfony\\Component\\Console\\Output\\ConsoleOutput))
#22 {main}
"} 
[2019-04-01 17:42:26] local.ERROR: SQLSTATE[22003]: Numeric value out of range: 1264 Out of range value for column 'usage' at row 1 (SQL: insert into `consumptions` (`usage`, `cost`, `created_at`, `updated_at`, `meter_id`) values (21063862094.489, 225383322004.28, 2019-04-01 17:42:25, 2019-04-01 17:42:25, 1)) {"exception":"[object] (Illuminate\\Database\\QueryException(code: 22003): SQLSTATE[22003]: Numeric value out of range: 1264 Out of range value for column 'usage' at row 1 (SQL: insert into `consumptions` (`usage`, `cost`, `created_at`, `updated_at`, `meter_id`) values (21063862094.489, 225383322004.28, 2019-04-01 17:42:25, 2019-04-01 17:42:25, 1)) at W:\\SwiMeter\\vendor\\laravel\\framework\\src\\Illuminate\\Database\\Connection.php:664, Doctrine\\DBAL\\Driver\\PDOException(code: 22003): SQLSTATE[22003]: Numeric value out of range: 1264 Out of range value for column 'usage' at row 1 at W:\\SwiMeter\\vendor\\doctrine\\dbal\\lib\\Doctrine\\DBAL\\Driver\\PDOStatement.php:119, PDOException(code: 22003): SQLSTATE[22003]: Numeric value out of range: 1264 Out of range value for column 'usage' at row 1 at W:\\SwiMeter\\vendor\\doctrine\\dbal\\lib\\Doctrine\\DBAL\\Driver\\PDOStatement.php:117)
[stacktrace]
#0 W:\\SwiMeter\\vendor\\laravel\\framework\\src\\Illuminate\\Database\\Connection.php(624): Illuminate\\Database\\Connection->runQueryCallback('insert into `co...', Array, Object(Closure))
#1 W:\\SwiMeter\\vendor\\laravel\\framework\\src\\Illuminate\\Database\\Connection.php(459): Illuminate\\Database\\Connection->run('insert into `co...', Array, Object(Closure))
#2 W:\\SwiMeter\\vendor\\laravel\\framework\\src\\Illuminate\\Database\\Connection.php(411): Illuminate\\Database\\Connection->statement('insert into `co...', Array)
#3 W:\\SwiMeter\\vendor\\laravel\\framework\\src\\Illuminate\\Database\\Query\\Processors\\Processor.php(32): Illuminate\\Database\\Connection->insert('insert into `co...', Array)
#4 W:\\SwiMeter\\vendor\\laravel\\framework\\src\\Illuminate\\Database\\Query\\Builder.php(2628): Illuminate\\Database\\Query\\Processors\\Processor->processInsertGetId(Object(Illuminate\\Database\\Query\\Builder), 'insert into `co...', Array, 'id')
#5 W:\\SwiMeter\\vendor\\laravel\\framework\\src\\Illuminate\\Database\\Eloquent\\Builder.php(1338): Illuminate\\Database\\Query\\Builder->insertGetId(Array, 'id')
#6 W:\\SwiMeter\\vendor\\laravel\\framework\\src\\Illuminate\\Database\\Eloquent\\Model.php(823): Illuminate\\Database\\Eloquent\\Builder->__call('insertGetId', Array)
#7 W:\\SwiMeter\\vendor\\laravel\\framework\\src\\Illuminate\\Database\\Eloquent\\Model.php(788): Illuminate\\Database\\Eloquent\\Model->insertAndSetId(Object(Illuminate\\Database\\Eloquent\\Builder), Array)
#8 W:\\SwiMeter\\vendor\\laravel\\framework\\src\\Illuminate\\Database\\Eloquent\\Model.php(651): Illuminate\\Database\\Eloquent\\Model->performInsert(Object(Illuminate\\Database\\Eloquent\\Builder))
#9 W:\\SwiMeter\\vendor\\laravel\\framework\\src\\Illuminate\\Database\\Eloquent\\Relations\\HasOneOrMany.php(281): Illuminate\\Database\\Eloquent\\Model->save()
#10 W:\\SwiMeter\\vendor\\laravel\\framework\\src\\Illuminate\\Support\\helpers.php(1027): Illuminate\\Database\\Eloquent\\Relations\\HasOneOrMany->Illuminate\\Database\\Eloquent\\Relations\\{closure}(Object(App\\Consumption))
#11 W:\\SwiMeter\\vendor\\laravel\\framework\\src\\Illuminate\\Database\\Eloquent\\Relations\\HasOneOrMany.php(282): tap(Object(App\\Consumption), Object(Closure))
#12 W:\\SwiMeter\\app\\Console\\Commands\\ServeTcp.php(82): Illuminate\\Database\\Eloquent\\Relations\\HasOneOrMany->create(Array)
#13 W:\\SwiMeter\\vendor\\evenement\\evenement\\src\\Evenement\\EventEmitterTrait.php(123): App\\Console\\Commands\\ServeTcp->App\\Console\\Commands\\{closure}('5076eb63-ec36-4...')
#14 W:\\SwiMeter\\vendor\eact\\stream\\src\\Util.php(71): Evenement\\EventEmitter->emit('data', Array)
#15 W:\\SwiMeter\\vendor\\evenement\\evenement\\src\\Evenement\\EventEmitterTrait.php(123): React\\Stream\\Util::React\\Stream\\{closure}('5076eb63-ec36-4...')
#16 W:\\SwiMeter\\vendor\eact\\stream\\src\\DuplexResourceStream.php(193): Evenement\\EventEmitter->emit('data', Array)
#17 W:\\SwiMeter\\vendor\eact\\event-loop\\src\\StreamSelectLoop.php(244): React\\Stream\\DuplexResourceStream->handleData(Resource id #477)
#18 W:\\SwiMeter\\vendor\eact\\event-loop\\src\\StreamSelectLoop.php(211): React\\EventLoop\\StreamSelectLoop->waitForStreamActivity(NULL)
#19 W:\\SwiMeter\\app\\Console\\Commands\\ServeTcp.php(93): React\\EventLoop\\StreamSelectLoop->run()
#20 [internal function]: App\\Console\\Commands\\ServeTcp->handle()
#21 W:\\SwiMeter\\vendor\\laravel\\framework\\src\\Illuminate\\Container\\BoundMethod.php(29): call_user_func_array(Array, Array)
#22 W:\\SwiMeter\\vendor\\laravel\\framework\\src\\Illuminate\\Container\\BoundMethod.php(87): Illuminate\\Container\\BoundMethod::Illuminate\\Container\\{closure}()
#23 W:\\SwiMeter\\vendor\\laravel\\framework\\src\\Illuminate\\Container\\BoundMethod.php(31): Illuminate\\Container\\BoundMethod::callBoundMethod(Object(Illuminate\\Foundation\\Application), Array, Object(Closure))
#24 W:\\SwiMeter\\vendor\\laravel\\framework\\src\\Illuminate\\Container\\Container.php(572): Illuminate\\Container\\BoundMethod::call(Object(Illuminate\\Foundation\\Application), Array, Array, NULL)
#25 W:\\SwiMeter\\vendor\\laravel\\framework\\src\\Illuminate\\Console\\Command.php(183): Illuminate\\Container\\Container->call(Array)
#26 W:\\SwiMeter\\vendor\\symfony\\console\\Command\\Command.php(255): Illuminate\\Console\\Command->execute(Object(Symfony\\Component\\Console\\Input\\ArgvInput), Object(Illuminate\\Console\\OutputStyle))
#27 W:\\SwiMeter\\vendor\\laravel\\framework\\src\\Illuminate\\Console\\Command.php(170): Symfony\\Component\\Console\\Command\\Command->run(Object(Symfony\\Component\\Console\\Input\\ArgvInput), Object(Illuminate\\Console\\OutputStyle))
#28 W:\\SwiMeter\\vendor\\symfony\\console\\Application.php(908): Illuminate\\Console\\Command->run(Object(Symfony\\Component\\Console\\Input\\ArgvInput), Object(Symfony\\Component\\Console\\Output\\ConsoleOutput))
#29 W:\\SwiMeter\\vendor\\symfony\\console\\Application.php(269): Symfony\\Component\\Console\\Application->doRunCommand(Object(App\\Console\\Commands\\ServeTcp), Object(Symfony\\Component\\Console\\Input\\ArgvInput), Object(Symfony\\Component\\Console\\Output\\ConsoleOutput))
#30 W:\\SwiMeter\\vendor\\symfony\\console\\Application.php(145): Symfony\\Component\\Console\\Application->doRun(Object(Symfony\\Component\\Console\\Input\\ArgvInput), Object(Symfony\\Component\\Console\\Output\\ConsoleOutput))
#31 W:\\SwiMeter\\vendor\\laravel\\framework\\src\\Illuminate\\Console\\Application.php(89): Symfony\\Component\\Console\\Application->run(Object(Symfony\\Component\\Console\\Input\\ArgvInput), Object(Symfony\\Component\\Console\\Output\\ConsoleOutput))
#32 W:\\SwiMeter\\vendor\\laravel\\framework\\src\\Illuminate\\Foundation\\Console\\Kernel.php(122): Illuminate\\Console\\Application->run(Object(Symfony\\Component\\Console\\Input\\ArgvInput), Object(Symfony\\Component\\Console\\Output\\ConsoleOutput))
#33 W:\\SwiMeter\\artisan(37): Illuminate\\Foundation\\Console\\Kernel->handle(Object(Symfony\\Component\\Console\\Input\\ArgvInput), Object(Symfony\\Component\\Console\\Output\\ConsoleOutput))
#34 {main}
"} 
[2019-04-01 17:51:50] local.ERROR: SQLSTATE[22003]: Numeric value out of range: 1264 Out of range value for column 'balance' at row 1 (SQL: update `user_statuses` set `balance` = -4173914.5215 where `id` = 1) {"exception":"[object] (Illuminate\\Database\\QueryException(code: 22003): SQLSTATE[22003]: Numeric value out of range: 1264 Out of range value for column 'balance' at row 1 (SQL: update `user_statuses` set `balance` = -4173914.5215 where `id` = 1) at W:\\SwiMeter\\vendor\\laravel\\framework\\src\\Illuminate\\Database\\Connection.php:664, Doctrine\\DBAL\\Driver\\PDOException(code: 22003): SQLSTATE[22003]: Numeric value out of range: 1264 Out of range value for column 'balance' at row 1 at W:\\SwiMeter\\vendor\\doctrine\\dbal\\lib\\Doctrine\\DBAL\\Driver\\PDOStatement.php:119, PDOException(code: 22003): SQLSTATE[22003]: Numeric value out of range: 1264 Out of range value for column 'balance' at row 1 at W:\\SwiMeter\\vendor\\doctrine\\dbal\\lib\\Doctrine\\DBAL\\Driver\\PDOStatement.php:117)
[stacktrace]
#0 W:\\SwiMeter\\vendor\\laravel\\framework\\src\\Illuminate\\Database\\Connection.php(624): Illuminate\\Database\\Connection->runQueryCallback('update `user_st...', Array, Object(Closure))
#1 W:\\SwiMeter\\vendor\\laravel\\framework\\src\\Illuminate\\Database\\Connection.php(490): Illuminate\\Database\\Connection->run('update `user_st...', Array, Object(Closure))
#2 W:\\SwiMeter\\vendor\\laravel\\framework\\src\\Illuminate\\Database\\Connection.php(423): Illuminate\\Database\\Connection->affectingStatement('update `user_st...', Array)
#3 W:\\SwiMeter\\vendor\\laravel\\framework\\src\\Illuminate\\Database\\Query\\Builder.php(2659): Illuminate\\Database\\Connection->update('update `user_st...', Array)
#4 W:\\SwiMeter\\vendor\\laravel\\framework\\src\\Illuminate\\Database\\Eloquent\\Builder.php(818): Illuminate\\Database\\Query\\Builder->update(Array)
#5 W:\\SwiMeter\\vendor\\laravel\\framework\\src\\Illuminate\\Database\\Eloquent\\Model.php(729): Illuminate\\Database\\Eloquent\\Builder->update(Array)
#6 W:\\SwiMeter\\vendor\\laravel\\framework\\src\\Illuminate\\Database\\Eloquent\\Model.php(644): Illuminate\\Database\\Eloquent\\Model->performUpdate(Object(Illuminate\\Database\\Eloquent\\Builder))
#7 W:\\SwiMeter\\app\\Console\\Commands\\ServeTcp.php(86): Illuminate\\Database\\Eloquent\\Model->save()
#8 W:\\SwiMeter\\vendor\\evenement\\evenement\\src\\Evenement\\EventEmitterTrait.php(123): App\\Console\\Commands\\ServeTcp->App\\Console\\Commands\\{closure}('5076eb63-ec36-4...')
#9 W:\\SwiMeter\\vendor\eact\\stream\\src\\Util.php(71): Evenement\\EventEmitter->emit('data', Array)
#10 W:\\SwiMeter\\vendor\\evenement\\evenement\\src\\Evenement\\EventEmitterTrait.php(123): React\\Stream\\Util::React\\Stream\\{closure}('5076eb63-ec36-4...')
#11 W:\\SwiMeter\\vendor\eact\\stream\\src\\DuplexResourceStream.php(193): Evenement\\EventEmitter->emit('data', Array)
#12 W:\\SwiMeter\\vendor\eact\\event-loop\\src\\StreamSelectLoop.php(244): React\\Stream\\DuplexResourceStream->handleData(Resource id #477)
#13 W:\\SwiMeter\\vendor\eact\\event-loop\\src\\StreamSelectLoop.php(211): React\\EventLoop\\StreamSelectLoop->waitForStreamActivity(NULL)
#14 W:\\SwiMeter\\app\\Console\\Commands\\ServeTcp.php(93): React\\EventLoop\\StreamSelectLoop->run()
#15 [internal function]: App\\Console\\Commands\\ServeTcp->handle()
#16 W:\\SwiMeter\\vendor\\laravel\\framework\\src\\Illuminate\\Container\\BoundMethod.php(29): call_user_func_array(Array, Array)
#17 W:\\SwiMeter\\vendor\\laravel\\framework\\src\\Illuminate\\Container\\BoundMethod.php(87): Illuminate\\Container\\BoundMethod::Illuminate\\Container\\{closure}()
#18 W:\\SwiMeter\\vendor\\laravel\\framework\\src\\Illuminate\\Container\\BoundMethod.php(31): Illuminate\\Container\\BoundMethod::callBoundMethod(Object(Illuminate\\Foundation\\Application), Array, Object(Closure))
#19 W:\\SwiMeter\\vendor\\laravel\\framework\\src\\Illuminate\\Container\\Container.php(572): Illuminate\\Container\\BoundMethod::call(Object(Illuminate\\Foundation\\Application), Array, Array, NULL)
#20 W:\\SwiMeter\\vendor\\laravel\\framework\\src\\Illuminate\\Console\\Command.php(183): Illuminate\\Container\\Container->call(Array)
#21 W:\\SwiMeter\\vendor\\symfony\\console\\Command\\Command.php(255): Illuminate\\Console\\Command->execute(Object(Symfony\\Component\\Console\\Input\\ArgvInput), Object(Illuminate\\Console\\OutputStyle))
#22 W:\\SwiMeter\\vendor\\laravel\\framework\\src\\Illuminate\\Console\\Command.php(170): Symfony\\Component\\Console\\Command\\Command->run(Object(Symfony\\Component\\Console\\Input\\ArgvInput), Object(Illuminate\\Console\\OutputStyle))
#23 W:\\SwiMeter\\vendor\\symfony\\console\\Application.php(908): Illuminate\\Console\\Command->run(Object(Symfony\\Component\\Console\\Input\\ArgvInput), Object(Symfony\\Component\\Console\\Output\\ConsoleOutput))
#24 W:\\SwiMeter\\vendor\\symfony\\console\\Application.php(269): Symfony\\Component\\Console\\Application->doRunCommand(Object(App\\Console\\Commands\\ServeTcp), Object(Symfony\\Component\\Console\\Input\\ArgvInput), Object(Symfony\\Component\\Console\\Output\\ConsoleOutput))
#25 W:\\SwiMeter\\vendor\\symfony\\console\\Application.php(145): Symfony\\Component\\Console\\Application->doRun(Object(Symfony\\Component\\Console\\Input\\ArgvInput), Object(Symfony\\Component\\Console\\Output\\ConsoleOutput))
#26 W:\\SwiMeter\\vendor\\laravel\\framework\\src\\Illuminate\\Console\\Application.php(89): Symfony\\Component\\Console\\Application->run(Object(Symfony\\Component\\Console\\Input\\ArgvInput), Object(Symfony\\Component\\Console\\Output\\ConsoleOutput))
#27 W:\\SwiMeter\\vendor\\laravel\\framework\\src\\Illuminate\\Foundation\\Console\\Kernel.php(122): Illuminate\\Console\\Application->run(Object(Symfony\\Component\\Console\\Input\\ArgvInput), Object(Symfony\\Component\\Console\\Output\\ConsoleOutput))
#28 W:\\SwiMeter\\artisan(37): Illuminate\\Foundation\\Console\\Kernel->handle(Object(Symfony\\Component\\Console\\Input\\ArgvInput), Object(Symfony\\Component\\Console\\Output\\ConsoleOutput))
#29 {main}
"} 
[2019-04-01 17:56:57] local.ERROR: Unknown database type enum requested, Doctrine\DBAL\Platforms\MariaDb1027Platform may not support it. {"exception":"[object] (Doctrine\\DBAL\\DBALException(code: 0): Unknown database type enum requested, Doctrine\\DBAL\\Platforms\\MariaDb1027Platform may not support it. at W:\\SwiMeter\\vendor\\doctrine\\dbal\\lib\\Doctrine\\DBAL\\Platforms\\AbstractPlatform.php:434)
[stacktrace]
#0 W:\\SwiMeter\\vendor\\doctrine\\dbal\\lib\\Doctrine\\DBAL\\Schema\\MySqlSchemaManager.php(115): Doctrine\\DBAL\\Platforms\\AbstractPlatform->getDoctrineTypeMapping('enum')
#1 W:\\SwiMeter\\vendor\\doctrine\\dbal\\lib\\Doctrine\\DBAL\\Schema\\AbstractSchemaManager.php(804): Doctrine\\DBAL\\Schema\\MySqlSchemaManager->_getPortableTableColumnDefinition(Array)
#2 W:\\SwiMeter\\vendor\\doctrine\\dbal\\lib\\Doctrine\\DBAL\\Schema\\AbstractSchemaManager.php(162): Doctrine\\DBAL\\Schema\\AbstractSchemaManager->_getPortableTableColumnList('user_statuses', 'sattar', Array)
#3 W:\\SwiMeter\\vendor\\doctrine\\dbal\\lib\\Doctrine\\DBAL\\Schema\\AbstractSchemaManager.php(264): Doctrine\\DBAL\\Schema\\AbstractSchemaManager->listTableColumns('user_statuses')
#4 W:\\SwiMeter\\vendor\\doctrine\\dbal\\lib\\Doctrine\\DBAL\\Schema\\MySqlSchemaManager.php(291): Doctrine\\DBAL\\Schema\\AbstractSchemaManager->listTableDetails('user_statuses')
#5 W:\\SwiMeter\\vendor\\laravel\\framework\\src\\Illuminate\\Database\\Schema\\Grammars\\ChangeColumn.php(57): Doctrine\\DBAL\\Schema\\MySqlSchemaManager->listTableDetails('user_statuses')
#6 W:\\SwiMeter\\vendor\\laravel\\framework\\src\\Illuminate\\Database\\Schema\\Grammars\\ChangeColumn.php(37): Illuminate\\Database\\Schema\\Grammars\\ChangeColumn::getChangedDiff(Object(Illuminate\\Database\\Schema\\Grammars\\MySqlGrammar), Object(Illuminate\\Database\\Schema\\Blueprint), Object(Doctrine\\DBAL\\Schema\\MySqlSchemaManager))
#7 W:\\SwiMeter\\vendor\\laravel\\framework\\src\\Illuminate\\Database\\Schema\\Grammars\\Grammar.php(55): Illuminate\\Database\\Schema\\Grammars\\ChangeColumn::compile(Object(Illuminate\\Database\\Schema\\Grammars\\MySqlGrammar), Object(Illuminate\\Database\\Schema\\Blueprint), Object(Illuminate\\Support\\Fluent), Object(Illuminate\\Database\\MySqlConnection))
#8 W:\\SwiMeter\\vendor\\laravel\\framework\\src\\Illuminate\\Database\\Schema\\Blueprint.php(123): Illuminate\\Database\\Schema\\Grammars\\Grammar->compileChange(Object(Illuminate\\Database\\Schema\\Blueprint), Object(Illuminate\\Support\\Fluent), Object(Illuminate\\Database\\MySqlConnection))
#9 W:\\SwiMeter\\vendor\\laravel\\framework\\src\\Illuminate\\Database\\Schema\\Blueprint.php(96): Illuminate\\Database\\Schema\\Blueprint->toSql(Object(Illuminate\\Database\\MySqlConnection), Object(Illuminate\\Database\\Schema\\Grammars\\MySqlGrammar))
#10 W:\\SwiMeter\\vendor\\laravel\\framework\\src\\Illuminate\\Database\\Schema\\Builder.php(264): Illuminate\\Database\\Schema\\Blueprint->build(Object(Illuminate\\Database\\MySqlConnection), Object(Illuminate\\Database\\Schema\\Grammars\\MySqlGrammar))
#11 W:\\SwiMeter\\vendor\\laravel\\framework\\src\\Illuminate\\Database\\Schema\\Builder.php(149): Illuminate\\Database\\Schema\\Builder->build(Object(Illuminate\\Database\\Schema\\Blueprint))
#12 W:\\SwiMeter\\vendor\\laravel\\framework\\src\\Illuminate\\Support\\Facades\\Facade.php(237): Illuminate\\Database\\Schema\\Builder->table('user_statuses', Object(Closure))
#13 W:\\SwiMeter\\database\\migrations\\2019_04_01_175600_change_balance_column_in_user_statuses_table.php(18): Illuminate\\Support\\Facades\\Facade::__callStatic('table', Array)
#14 W:\\SwiMeter\\vendor\\laravel\\framework\\src\\Illuminate\\Database\\Migrations\\Migrator.php(360): ChangeBalanceColumnInUserStatusesTable->up()
#15 W:\\SwiMeter\\vendor\\laravel\\framework\\src\\Illuminate\\Database\\Migrations\\Migrator.php(367): Illuminate\\Database\\Migrations\\Migrator->Illuminate\\Database\\Migrations\\{closure}()
#16 W:\\SwiMeter\\vendor\\laravel\\framework\\src\\Illuminate\\Database\\Migrations\\Migrator.php(178): Illuminate\\Database\\Migrations\\Migrator->runMigration(Object(ChangeBalanceColumnInUserStatusesTable), 'up')
#17 W:\\SwiMeter\\vendor\\laravel\\framework\\src\\Illuminate\\Database\\Migrations\\Migrator.php(147): Illuminate\\Database\\Migrations\\Migrator->runUp('W:\\\\SwiMeter\\\\dat...', 3, false)
#18 W:\\SwiMeter\\vendor\\laravel\\framework\\src\\Illuminate\\Database\\Migrations\\Migrator.php(96): Illuminate\\Database\\Migrations\\Migrator->runPending(Array, Array)
#19 W:\\SwiMeter\\vendor\\laravel\\framework\\src\\Illuminate\\Database\\Console\\Migrations\\MigrateCommand.php(71): Illuminate\\Database\\Migrations\\Migrator->run(Array, Array)
#20 [internal function]: Illuminate\\Database\\Console\\Migrations\\MigrateCommand->handle()
#21 W:\\SwiMeter\\vendor\\laravel\\framework\\src\\Illuminate\\Container\\BoundMethod.php(29): call_user_func_array(Array, Array)
#22 W:\\SwiMeter\\vendor\\laravel\\framework\\src\\Illuminate\\Container\\BoundMethod.php(87): Illuminate\\Container\\BoundMethod::Illuminate\\Container\\{closure}()
#23 W:\\SwiMeter\\vendor\\laravel\\framework\\src\\Illuminate\\Container\\BoundMethod.php(31): Illuminate\\Container\\BoundMethod::callBoundMethod(Object(Illuminate\\Foundation\\Application), Array, Object(Closure))
#24 W:\\SwiMeter\\vendor\\laravel\\framework\\src\\Illuminate\\Container\\Container.php(572): Illuminate\\Container\\BoundMethod::call(Object(Illuminate\\Foundation\\Application), Array, Array, NULL)
#25 W:\\SwiMeter\\vendor\\laravel\\framework\\src\\Illuminate\\Console\\Command.php(183): Illuminate\\Container\\Container->call(Array)
#26 W:\\SwiMeter\\vendor\\symfony\\console\\Command\\Command.php(255): Illuminate\\Console\\Command->execute(Object(Symfony\\Component\\Console\\Input\\ArgvInput), Object(Illuminate\\Console\\OutputStyle))
#27 W:\\SwiMeter\\vendor\\laravel\\framework\\src\\Illuminate\\Console\\Command.php(170): Symfony\\Component\\Console\\Command\\Command->run(Object(Symfony\\Component\\Console\\Input\\ArgvInput), Object(Illuminate\\Console\\OutputStyle))
#28 W:\\SwiMeter\\vendor\\symfony\\console\\Application.php(908): Illuminate\\Console\\Command->run(Object(Symfony\\Component\\Console\\Input\\ArgvInput), Object(Symfony\\Component\\Console\\Output\\ConsoleOutput))
#29 W:\\SwiMeter\\vendor\\symfony\\console\\Application.php(269): Symfony\\Component\\Console\\Application->doRunCommand(Object(Illuminate\\Database\\Console\\Migrations\\MigrateCommand), Object(Symfony\\Component\\Console\\Input\\ArgvInput), Object(Symfony\\Component\\Console\\Output\\ConsoleOutput))
#30 W:\\SwiMeter\\vendor\\symfony\\console\\Application.php(145): Symfony\\Component\\Console\\Application->doRun(Object(Symfony\\Component\\Console\\Input\\ArgvInput), Object(Symfony\\Component\\Console\\Output\\ConsoleOutput))
#31 W:\\SwiMeter\\vendor\\laravel\\framework\\src\\Illuminate\\Console\\Application.php(89): Symfony\\Component\\Console\\Application->run(Object(Symfony\\Component\\Console\\Input\\ArgvInput), Object(Symfony\\Component\\Console\\Output\\ConsoleOutput))
#32 W:\\SwiMeter\\vendor\\laravel\\framework\\src\\Illuminate\\Foundation\\Console\\Kernel.php(122): Illuminate\\Console\\Application->run(Object(Symfony\\Component\\Console\\Input\\ArgvInput), Object(Symfony\\Component\\Console\\Output\\ConsoleOutput))
#33 W:\\SwiMeter\\artisan(37): Illuminate\\Foundation\\Console\\Kernel->handle(Object(Symfony\\Component\\Console\\Input\\ArgvInput), Object(Symfony\\Component\\Console\\Output\\ConsoleOutput))
#34 {main}
"} 
[2019-04-01 17:57:31] local.ERROR: Unknown database type enum requested, Doctrine\DBAL\Platforms\MariaDb1027Platform may not support it. {"exception":"[object] (Doctrine\\DBAL\\DBALException(code: 0): Unknown database type enum requested, Doctrine\\DBAL\\Platforms\\MariaDb1027Platform may not support it. at W:\\SwiMeter\\vendor\\doctrine\\dbal\\lib\\Doctrine\\DBAL\\Platforms\\AbstractPlatform.php:434)
[stacktrace]
#0 W:\\SwiMeter\\vendor\\doctrine\\dbal\\lib\\Doctrine\\DBAL\\Schema\\MySqlSchemaManager.php(115): Doctrine\\DBAL\\Platforms\\AbstractPlatform->getDoctrineTypeMapping('enum')
#1 W:\\SwiMeter\\vendor\\doctrine\\dbal\\lib\\Doctrine\\DBAL\\Schema\\AbstractSchemaManager.php(804): Doctrine\\DBAL\\Schema\\MySqlSchemaManager->_getPortableTableColumnDefinition(Array)
#2 W:\\SwiMeter\\vendor\\doctrine\\dbal\\lib\\Doctrine\\DBAL\\Schema\\AbstractSchemaManager.php(162): Doctrine\\DBAL\\Schema\\AbstractSchemaManager->_getPortableTableColumnList('user_statuses', 'sattar', Array)
#3 W:\\SwiMeter\\vendor\\doctrine\\dbal\\lib\\Doctrine\\DBAL\\Schema\\AbstractSchemaManager.php(264): Doctrine\\DBAL\\Schema\\AbstractSchemaManager->listTableColumns('user_statuses')
#4 W:\\SwiMeter\\vendor\\doctrine\\dbal\\lib\\Doctrine\\DBAL\\Schema\\MySqlSchemaManager.php(291): Doctrine\\DBAL\\Schema\\AbstractSchemaManager->listTableDetails('user_statuses')
#5 W:\\SwiMeter\\vendor\\laravel\\framework\\src\\Illuminate\\Database\\Schema\\Grammars\\ChangeColumn.php(57): Doctrine\\DBAL\\Schema\\MySqlSchemaManager->listTableDetails('user_statuses')
#6 W:\\SwiMeter\\vendor\\laravel\\framework\\src\\Illuminate\\Database\\Schema\\Grammars\\ChangeColumn.php(37): Illuminate\\Database\\Schema\\Grammars\\ChangeColumn::getChangedDiff(Object(Illuminate\\Database\\Schema\\Grammars\\MySqlGrammar), Object(Illuminate\\Database\\Schema\\Blueprint), Object(Doctrine\\DBAL\\Schema\\MySqlSchemaManager))
#7 W:\\SwiMeter\\vendor\\laravel\\framework\\src\\Illuminate\\Database\\Schema\\Grammars\\Grammar.php(55): Illuminate\\Database\\Schema\\Grammars\\ChangeColumn::compile(Object(Illuminate\\Database\\Schema\\Grammars\\MySqlGrammar), Object(Illuminate\\Database\\Schema\\Blueprint), Object(Illuminate\\Support\\Fluent), Object(Illuminate\\Database\\MySqlConnection))
#8 W:\\SwiMeter\\vendor\\laravel\\framework\\src\\Illuminate\\Database\\Schema\\Blueprint.php(123): Illuminate\\Database\\Schema\\Grammars\\Grammar->compileChange(Object(Illuminate\\Database\\Schema\\Blueprint), Object(Illuminate\\Support\\Fluent), Object(Illuminate\\Database\\MySqlConnection))
#9 W:\\SwiMeter\\vendor\\laravel\\framework\\src\\Illuminate\\Database\\Schema\\Blueprint.php(96): Illuminate\\Database\\Schema\\Blueprint->toSql(Object(Illuminate\\Database\\MySqlConnection), Object(Illuminate\\Database\\Schema\\Grammars\\MySqlGrammar))
#10 W:\\SwiMeter\\vendor\\laravel\\framework\\src\\Illuminate\\Database\\Schema\\Builder.php(264): Illuminate\\Database\\Schema\\Blueprint->build(Object(Illuminate\\Database\\MySqlConnection), Object(Illuminate\\Database\\Schema\\Grammars\\MySqlGrammar))
#11 W:\\SwiMeter\\vendor\\laravel\\framework\\src\\Illuminate\\Database\\Schema\\Builder.php(149): Illuminate\\Database\\Schema\\Builder->build(Object(Illuminate\\Database\\Schema\\Blueprint))
#12 W:\\SwiMeter\\vendor\\laravel\\framework\\src\\Illuminate\\Support\\Facades\\Facade.php(237): Illuminate\\Database\\Schema\\Builder->table('user_statuses', Object(Closure))
#13 W:\\SwiMeter\\database\\migrations\\2019_04_01_175600_change_balance_column_in_user_statuses_table.php(18): Illuminate\\Support\\Facades\\Facade::__callStatic('table', Array)
#14 W:\\SwiMeter\\vendor\\laravel\\framework\\src\\Illuminate\\Database\\Migrations\\Migrator.php(360): ChangeBalanceColumnInUserStatusesTable->up()
#15 W:\\SwiMeter\\vendor\\laravel\\framework\\src\\Illuminate\\Database\\Migrations\\Migrator.php(367): Illuminate\\Database\\Migrations\\Migrator->Illuminate\\Database\\Migrations\\{closure}()
#16 W:\\SwiMeter\\vendor\\laravel\\framework\\src\\Illuminate\\Database\\Migrations\\Migrator.php(178): Illuminate\\Database\\Migrations\\Migrator->runMigration(Object(ChangeBalanceColumnInUserStatusesTable), 'up')
#17 W:\\SwiMeter\\vendor\\laravel\\framework\\src\\Illuminate\\Database\\Migrations\\Migrator.php(147): Illuminate\\Database\\Migrations\\Migrator->runUp('W:\\\\SwiMeter\\\\dat...', 3, false)
#18 W:\\SwiMeter\\vendor\\laravel\\framework\\src\\Illuminate\\Database\\Migrations\\Migrator.php(96): Illuminate\\Database\\Migrations\\Migrator->runPending(Array, Array)
#19 W:\\SwiMeter\\vendor\\laravel\\framework\\src\\Illuminate\\Database\\Console\\Migrations\\MigrateCommand.php(71): Illuminate\\Database\\Migrations\\Migrator->run(Array, Array)
#20 [internal function]: Illuminate\\Database\\Console\\Migrations\\MigrateCommand->handle()
#21 W:\\SwiMeter\\vendor\\laravel\\framework\\src\\Illuminate\\Container\\BoundMethod.php(29): call_user_func_array(Array, Array)
#22 W:\\SwiMeter\\vendor\\laravel\\framework\\src\\Illuminate\\Container\\BoundMethod.php(87): Illuminate\\Container\\BoundMethod::Illuminate\\Container\\{closure}()
#23 W:\\SwiMeter\\vendor\\laravel\\framework\\src\\Illuminate\\Container\\BoundMethod.php(31): Illuminate\\Container\\BoundMethod::callBoundMethod(Object(Illuminate\\Foundation\\Application), Array, Object(Closure))
#24 W:\\SwiMeter\\vendor\\laravel\\framework\\src\\Illuminate\\Container\\Container.php(572): Illuminate\\Container\\BoundMethod::call(Object(Illuminate\\Foundation\\Application), Array, Array, NULL)
#25 W:\\SwiMeter\\vendor\\laravel\\framework\\src\\Illuminate\\Console\\Command.php(183): Illuminate\\Container\\Container->call(Array)
#26 W:\\SwiMeter\\vendor\\symfony\\console\\Command\\Command.php(255): Illuminate\\Console\\Command->execute(Object(Symfony\\Component\\Console\\Input\\ArgvInput), Object(Illuminate\\Console\\OutputStyle))
#27 W:\\SwiMeter\\vendor\\laravel\\framework\\src\\Illuminate\\Console\\Command.php(170): Symfony\\Component\\Console\\Command\\Command->run(Object(Symfony\\Component\\Console\\Input\\ArgvInput), Object(Illuminate\\Console\\OutputStyle))
#28 W:\\SwiMeter\\vendor\\symfony\\console\\Application.php(908): Illuminate\\Console\\Command->run(Object(Symfony\\Component\\Console\\Input\\ArgvInput), Object(Symfony\\Component\\Console\\Output\\ConsoleOutput))
#29 W:\\SwiMeter\\vendor\\symfony\\console\\Application.php(269): Symfony\\Component\\Console\\Application->doRunCommand(Object(Illuminate\\Database\\Console\\Migrations\\MigrateCommand), Object(Symfony\\Component\\Console\\Input\\ArgvInput), Object(Symfony\\Component\\Console\\Output\\ConsoleOutput))
#30 W:\\SwiMeter\\vendor\\symfony\\console\\Application.php(145): Symfony\\Component\\Console\\Application->doRun(Object(Symfony\\Component\\Console\\Input\\ArgvInput), Object(Symfony\\Component\\Console\\Output\\ConsoleOutput))
#31 W:\\SwiMeter\\vendor\\laravel\\framework\\src\\Illuminate\\Console\\Application.php(89): Symfony\\Component\\Console\\Application->run(Object(Symfony\\Component\\Console\\Input\\ArgvInput), Object(Symfony\\Component\\Console\\Output\\ConsoleOutput))
#32 W:\\SwiMeter\\vendor\\laravel\\framework\\src\\Illuminate\\Foundation\\Console\\Kernel.php(122): Illuminate\\Console\\Application->run(Object(Symfony\\Component\\Console\\Input\\ArgvInput), Object(Symfony\\Component\\Console\\Output\\ConsoleOutput))
#33 W:\\SwiMeter\\artisan(37): Illuminate\\Foundation\\Console\\Kernel->handle(Object(Symfony\\Component\\Console\\Input\\ArgvInput), Object(Symfony\\Component\\Console\\Output\\ConsoleOutput))
#34 {main}
"} 
[2019-04-01 19:32:12] local.ERROR: Undefined offset: 1 {"exception":"[object] (ErrorException(code: 0): Undefined offset: 1 at W:\\SwiMeter\\app\\Console\\Commands\\ServeTcp.php:35)
[stacktrace]
#0 W:\\SwiMeter\\app\\Console\\Commands\\ServeTcp.php(35): Illuminate\\Foundation\\Bootstrap\\HandleExceptions->handleError(8, 'Undefined offse...', 'W:\\\\SwiMeter\\\\app...', 35, Array)
#1 W:\\SwiMeter\\vendor\\evenement\\evenement\\src\\Evenement\\EventEmitterTrait.php(123): App\\Console\\Commands\\ServeTcp->App\\Console\\Commands\\{closure}('\\x05\\x01\\x00')
#2 W:\\SwiMeter\\vendor\eact\\stream\\src\\Util.php(71): Evenement\\EventEmitter->emit('data', Array)
#3 W:\\SwiMeter\\vendor\\evenement\\evenement\\src\\Evenement\\EventEmitterTrait.php(123): React\\Stream\\Util::React\\Stream\\{closure}('\\x05\\x01\\x00')
#4 W:\\SwiMeter\\vendor\eact\\stream\\src\\DuplexResourceStream.php(193): Evenement\\EventEmitter->emit('data', Array)
#5 W:\\SwiMeter\\vendor\eact\\event-loop\\src\\StreamSelectLoop.php(244): React\\Stream\\DuplexResourceStream->handleData(Resource id #477)
#6 W:\\SwiMeter\\vendor\eact\\event-loop\\src\\StreamSelectLoop.php(211): React\\EventLoop\\StreamSelectLoop->waitForStreamActivity(NULL)
#7 W:\\SwiMeter\\app\\Console\\Commands\\ServeTcp.php(94): React\\EventLoop\\StreamSelectLoop->run()
#8 [internal function]: App\\Console\\Commands\\ServeTcp->handle()
#9 W:\\SwiMeter\\vendor\\laravel\\framework\\src\\Illuminate\\Container\\BoundMethod.php(29): call_user_func_array(Array, Array)
#10 W:\\SwiMeter\\vendor\\laravel\\framework\\src\\Illuminate\\Container\\BoundMethod.php(87): Illuminate\\Container\\BoundMethod::Illuminate\\Container\\{closure}()
#11 W:\\SwiMeter\\vendor\\laravel\\framework\\src\\Illuminate\\Container\\BoundMethod.php(31): Illuminate\\Container\\BoundMethod::callBoundMethod(Object(Illuminate\\Foundation\\Application), Array, Object(Closure))
#12 W:\\SwiMeter\\vendor\\laravel\\framework\\src\\Illuminate\\Container\\Container.php(572): Illuminate\\Container\\BoundMethod::call(Object(Illuminate\\Foundation\\Application), Array, Array, NULL)
#13 W:\\SwiMeter\\vendor\\laravel\\framework\\src\\Illuminate\\Console\\Command.php(183): Illuminate\\Container\\Container->call(Array)
#14 W:\\SwiMeter\\vendor\\symfony\\console\\Command\\Command.php(255): Illuminate\\Console\\Command->execute(Object(Symfony\\Component\\Console\\Input\\ArgvInput), Object(Illuminate\\Console\\OutputStyle))
#15 W:\\SwiMeter\\vendor\\laravel\\framework\\src\\Illuminate\\Console\\Command.php(170): Symfony\\Component\\Console\\Command\\Command->run(Object(Symfony\\Component\\Console\\Input\\ArgvInput), Object(Illuminate\\Console\\OutputStyle))
#16 W:\\SwiMeter\\vendor\\symfony\\console\\Application.php(908): Illuminate\\Console\\Command->run(Object(Symfony\\Component\\Console\\Input\\ArgvInput), Object(Symfony\\Component\\Console\\Output\\ConsoleOutput))
#17 W:\\SwiMeter\\vendor\\symfony\\console\\Application.php(269): Symfony\\Component\\Console\\Application->doRunCommand(Object(App\\Console\\Commands\\ServeTcp), Object(Symfony\\Component\\Console\\Input\\ArgvInput), Object(Symfony\\Component\\Console\\Output\\ConsoleOutput))
#18 W:\\SwiMeter\\vendor\\symfony\\console\\Application.php(145): Symfony\\Component\\Console\\Application->doRun(Object(Symfony\\Component\\Console\\Input\\ArgvInput), Object(Symfony\\Component\\Console\\Output\\ConsoleOutput))
#19 W:\\SwiMeter\\vendor\\laravel\\framework\\src\\Illuminate\\Console\\Application.php(89): Symfony\\Component\\Console\\Application->run(Object(Symfony\\Component\\Console\\Input\\ArgvInput), Object(Symfony\\Component\\Console\\Output\\ConsoleOutput))
#20 W:\\SwiMeter\\vendor\\laravel\\framework\\src\\Illuminate\\Foundation\\Console\\Kernel.php(122): Illuminate\\Console\\Application->run(Object(Symfony\\Component\\Console\\Input\\ArgvInput), Object(Symfony\\Component\\Console\\Output\\ConsoleOutput))
#21 W:\\SwiMeter\\artisan(37): Illuminate\\Foundation\\Console\\Kernel->handle(Object(Symfony\\Component\\Console\\Input\\ArgvInput), Object(Symfony\\Component\\Console\\Output\\ConsoleOutput))
#22 {main}
"} 
[2019-04-01 21:37:03] local.ERROR: SQLSTATE[HY000] [1049] Unknown database 'sattar' (SQL: select * from information_schema.tables where table_schema = sattar and table_name = migrations) {"exception":"[object] (Illuminate\\Database\\QueryException(code: 1049): SQLSTATE[HY000] [1049] Unknown database 'sattar' (SQL: select * from information_schema.tables where table_schema = sattar and table_name = migrations) at C:\\Users\\Acer\\Documents\\GitHub\\swimeter\\vendor\\laravel\\framework\\src\\Illuminate\\Database\\Connection.php:664, Doctrine\\DBAL\\Driver\\PDOException(code: 1049): SQLSTATE[HY000] [1049] Unknown database 'sattar' at C:\\Users\\Acer\\Documents\\GitHub\\swimeter\\vendor\\doctrine\\dbal\\lib\\Doctrine\\DBAL\\Driver\\PDOConnection.php:31, PDOException(code: 1049): SQLSTATE[HY000] [1049] Unknown database 'sattar' at C:\\Users\\Acer\\Documents\\GitHub\\swimeter\\vendor\\doctrine\\dbal\\lib\\Doctrine\\DBAL\\Driver\\PDOConnection.php:27)
[stacktrace]
#0 C:\\Users\\Acer\\Documents\\GitHub\\swimeter\\vendor\\laravel\\framework\\src\\Illuminate\\Database\\Connection.php(624): Illuminate\\Database\\Connection->runQueryCallback('select * from i...', Array, Object(Closure))
#1 C:\\Users\\Acer\\Documents\\GitHub\\swimeter\\vendor\\laravel\\framework\\src\\Illuminate\\Database\\Connection.php(333): Illuminate\\Database\\Connection->run('select * from i...', Array, Object(Closure))
#2 C:\\Users\\Acer\\Documents\\GitHub\\swimeter\\vendor\\laravel\\framework\\src\\Illuminate\\Database\\Schema\\MySqlBuilder.php(18): Illuminate\\Database\\Connection->select('select * from i...', Array)
#3 C:\\Users\\Acer\\Documents\\GitHub\\swimeter\\vendor\\laravel\\framework\\src\\Illuminate\\Database\\Migrations\\DatabaseMigrationRepository.php(169): Illuminate\\Database\\Schema\\MySqlBuilder->hasTable('migrations')
#4 C:\\Users\\Acer\\Documents\\GitHub\\swimeter\\vendor\\laravel\\framework\\src\\Illuminate\\Database\\Migrations\\Migrator.php(556): Illuminate\\Database\\Migrations\\DatabaseMigrationRepository->repositoryExists()
#5 C:\\Users\\Acer\\Documents\\GitHub\\swimeter\\vendor\\laravel\\framework\\src\\Illuminate\\Database\\Console\\Migrations\\MigrateCommand.php(91): Illuminate\\Database\\Migrations\\Migrator->repositoryExists()
#6 C:\\Users\\Acer\\Documents\\GitHub\\swimeter\\vendor\\laravel\\framework\\src\\Illuminate\\Database\\Console\\Migrations\\MigrateCommand.php(63): Illuminate\\Database\\Console\\Migrations\\MigrateCommand->prepareDatabase()
#7 [internal function]: Illuminate\\Database\\Console\\Migrations\\MigrateCommand->handle()
#8 C:\\Users\\Acer\\Documents\\GitHub\\swimeter\\vendor\\laravel\\framework\\src\\Illuminate\\Container\\BoundMethod.php(29): call_user_func_array(Array, Array)
#9 C:\\Users\\Acer\\Documents\\GitHub\\swimeter\\vendor\\laravel\\framework\\src\\Illuminate\\Container\\BoundMethod.php(87): Illuminate\\Container\\BoundMethod::Illuminate\\Container\\{closure}()
#10 C:\\Users\\Acer\\Documents\\GitHub\\swimeter\\vendor\\laravel\\framework\\src\\Illuminate\\Container\\BoundMethod.php(31): Illuminate\\Container\\BoundMethod::callBoundMethod(Object(Illuminate\\Foundation\\Application), Array, Object(Closure))
#11 C:\\Users\\Acer\\Documents\\GitHub\\swimeter\\vendor\\laravel\\framework\\src\\Illuminate\\Container\\Container.php(572): Illuminate\\Container\\BoundMethod::call(Object(Illuminate\\Foundation\\Application), Array, Array, NULL)
#12 C:\\Users\\Acer\\Documents\\GitHub\\swimeter\\vendor\\laravel\\framework\\src\\Illuminate\\Console\\Command.php(183): Illuminate\\Container\\Container->call(Array)
#13 C:\\Users\\Acer\\Documents\\GitHub\\swimeter\\vendor\\symfony\\console\\Command\\Command.php(255): Illuminate\\Console\\Command->execute(Object(Symfony\\Component\\Console\\Input\\ArgvInput), Object(Illuminate\\Console\\OutputStyle))
#14 C:\\Users\\Acer\\Documents\\GitHub\\swimeter\\vendor\\laravel\\framework\\src\\Illuminate\\Console\\Command.php(170): Symfony\\Component\\Console\\Command\\Command->run(Object(Symfony\\Component\\Console\\Input\\ArgvInput), Object(Illuminate\\Console\\OutputStyle))
#15 C:\\Users\\Acer\\Documents\\GitHub\\swimeter\\vendor\\symfony\\console\\Application.php(908): Illuminate\\Console\\Command->run(Object(Symfony\\Component\\Console\\Input\\ArgvInput), Object(Symfony\\Component\\Console\\Output\\ConsoleOutput))
#16 C:\\Users\\Acer\\Documents\\GitHub\\swimeter\\vendor\\symfony\\console\\Application.php(269): Symfony\\Component\\Console\\Application->doRunCommand(Object(Illuminate\\Database\\Console\\Migrations\\MigrateCommand), Object(Symfony\\Component\\Console\\Input\\ArgvInput), Object(Symfony\\Component\\Console\\Output\\ConsoleOutput))
#17 C:\\Users\\Acer\\Documents\\GitHub\\swimeter\\vendor\\symfony\\console\\Application.php(145): Symfony\\Component\\Console\\Application->doRun(Object(Symfony\\Component\\Console\\Input\\ArgvInput), Object(Symfony\\Component\\Console\\Output\\ConsoleOutput))
#18 C:\\Users\\Acer\\Documents\\GitHub\\swimeter\\vendor\\laravel\\framework\\src\\Illuminate\\Console\\Application.php(89): Symfony\\Component\\Console\\Application->run(Object(Symfony\\Component\\Console\\Input\\ArgvInput), Object(Symfony\\Component\\Console\\Output\\ConsoleOutput))
#19 C:\\Users\\Acer\\Documents\\GitHub\\swimeter\\vendor\\laravel\\framework\\src\\Illuminate\\Foundation\\Console\\Kernel.php(122): Illuminate\\Console\\Application->run(Object(Symfony\\Component\\Console\\Input\\ArgvInput), Object(Symfony\\Component\\Console\\Output\\ConsoleOutput))
#20 C:\\Users\\Acer\\Documents\\GitHub\\swimeter\\artisan(37): Illuminate\\Foundation\\Console\\Kernel->handle(Object(Symfony\\Component\\Console\\Input\\ArgvInput), Object(Symfony\\Component\\Console\\Output\\ConsoleOutput))
#21 {main}
"} 
[2019-04-01 23:11:26] local.ERROR: The "--post" option does not exist. {"exception":"[object] (Symfony\\Component\\Console\\Exception\\RuntimeException(code: 0): The \"--post\" option does not exist. at C:\\Users\\Acer\\Documents\\GitHub\\swimeter\\vendor\\symfony\\console\\Input\\ArgvInput.php:218)
[stacktrace]
#0 C:\\Users\\Acer\\Documents\\GitHub\\swimeter\\vendor\\symfony\\console\\Input\\ArgvInput.php(152): Symfony\\Component\\Console\\Input\\ArgvInput->addLongOption('post', '8001')
#1 C:\\Users\\Acer\\Documents\\GitHub\\swimeter\\vendor\\symfony\\console\\Input\\ArgvInput.php(82): Symfony\\Component\\Console\\Input\\ArgvInput->parseLongOption('--post=8001')
#2 C:\\Users\\Acer\\Documents\\GitHub\\swimeter\\vendor\\symfony\\console\\Input\\Input.php(55): Symfony\\Component\\Console\\Input\\ArgvInput->parse()
#3 C:\\Users\\Acer\\Documents\\GitHub\\swimeter\\vendor\\symfony\\console\\Command\\Command.php(214): Symfony\\Component\\Console\\Input\\Input->bind(Object(Symfony\\Component\\Console\\Input\\InputDefinition))
#4 C:\\Users\\Acer\\Documents\\GitHub\\swimeter\\vendor\\laravel\\framework\\src\\Illuminate\\Console\\Command.php(170): Symfony\\Component\\Console\\Command\\Command->run(Object(Symfony\\Component\\Console\\Input\\ArgvInput), Object(Illuminate\\Console\\OutputStyle))
#5 C:\\Users\\Acer\\Documents\\GitHub\\swimeter\\vendor\\symfony\\console\\Application.php(908): Illuminate\\Console\\Command->run(Object(Symfony\\Component\\Console\\Input\\ArgvInput), Object(Symfony\\Component\\Console\\Output\\ConsoleOutput))
#6 C:\\Users\\Acer\\Documents\\GitHub\\swimeter\\vendor\\symfony\\console\\Application.php(269): Symfony\\Component\\Console\\Application->doRunCommand(Object(App\\Console\\Commands\\ServeTcp), Object(Symfony\\Component\\Console\\Input\\ArgvInput), Object(Symfony\\Component\\Console\\Output\\ConsoleOutput))
#7 C:\\Users\\Acer\\Documents\\GitHub\\swimeter\\vendor\\symfony\\console\\Application.php(145): Symfony\\Component\\Console\\Application->doRun(Object(Symfony\\Component\\Console\\Input\\ArgvInput), Object(Symfony\\Component\\Console\\Output\\ConsoleOutput))
#8 C:\\Users\\Acer\\Documents\\GitHub\\swimeter\\vendor\\laravel\\framework\\src\\Illuminate\\Console\\Application.php(89): Symfony\\Component\\Console\\Application->run(Object(Symfony\\Component\\Console\\Input\\ArgvInput), Object(Symfony\\Component\\Console\\Output\\ConsoleOutput))
#9 C:\\Users\\Acer\\Documents\\GitHub\\swimeter\\vendor\\laravel\\framework\\src\\Illuminate\\Foundation\\Console\\Kernel.php(122): Illuminate\\Console\\Application->run(Object(Symfony\\Component\\Console\\Input\\ArgvInput), Object(Symfony\\Component\\Console\\Output\\ConsoleOutput))
#10 C:\\Users\\Acer\\Documents\\GitHub\\swimeter\\artisan(37): Illuminate\\Foundation\\Console\\Kernel->handle(Object(Symfony\\Component\\Console\\Input\\ArgvInput), Object(Symfony\\Component\\Console\\Output\\ConsoleOutput))
#11 {main}
"} 
